  practicakeyframes v3.cpp
C:\Users\zurie\Documents\Ingenieria\Octavo Semestre\CGeIHC\ProyectoFinal\RICHIGG\Grupo720202\Window.h(12,36): warning C4244:  'return': conversión de 'GLint' a 'GLfloat'; posible pérdida de datos
C:\Users\zurie\Documents\Ingenieria\Octavo Semestre\CGeIHC\ProyectoFinal\RICHIGG\Grupo720202\Window.h(13,37): warning C4244:  'return': conversión de 'GLint' a 'GLfloat'; posible pérdida de datos
C:\Users\zurie\Documents\Ingenieria\Octavo Semestre\CGeIHC\ProyectoFinal\RICHIGG\Grupo720202\Window.h(18,39): warning C4244:  'return': conversión de 'int' a 'GLfloat'; posible pérdida de datos
C:\Users\zurie\Documents\Ingenieria\Octavo Semestre\CGeIHC\ProyectoFinal\RICHIGG\Grupo720202\practicakeyframes v3.cpp(154,54): warning C4305:  'inicializando': truncamiento de 'double' a 'float'
C:\Users\zurie\Documents\Ingenieria\Octavo Semestre\CGeIHC\ProyectoFinal\RICHIGG\Grupo720202\practicakeyframes v3.cpp(155,10): warning C4244:  'inicializando': conversión de 'double' a 'float'; posible pérdida de datos
C:\Users\zurie\Documents\Ingenieria\Octavo Semestre\CGeIHC\ProyectoFinal\RICHIGG\Grupo720202\practicakeyframes v3.cpp(411,13): warning C4244:  '=': conversión de 'double' a 'float'; posible pérdida de datos
C:\Users\zurie\Documents\Ingenieria\Octavo Semestre\CGeIHC\ProyectoFinal\RICHIGG\Grupo720202\practicakeyframes v3.cpp(556,50): warning C4244:  'argumento': conversión de 'double' a 'GLfloat'; posible pérdida de datos
C:\Users\zurie\Documents\Ingenieria\Octavo Semestre\CGeIHC\ProyectoFinal\RICHIGG\Grupo720202\practicakeyframes v3.cpp(556,24): warning C4244:  'argumento': conversión de 'double' a 'GLfloat'; posible pérdida de datos
C:\Users\zurie\Documents\Ingenieria\Octavo Semestre\CGeIHC\ProyectoFinal\RICHIGG\Grupo720202\practicakeyframes v3.cpp(726,15): warning C4244:  'inicializando': conversión de 'double' a 'GLfloat'; posible pérdida de datos
C:\Users\zurie\Documents\Ingenieria\Octavo Semestre\CGeIHC\ProyectoFinal\RICHIGG\Grupo720202\practicakeyframes v3.cpp(2990,46): warning C4244:  'argumento': conversión de 'double' a 'GLfloat'; posible pérdida de datos
C:\Users\zurie\Documents\Ingenieria\Octavo Semestre\CGeIHC\ProyectoFinal\RICHIGG\Grupo720202\practicakeyframes v3.cpp(2990,19): warning C4244:  'argumento': conversión de 'double' a 'GLfloat'; posible pérdida de datos
C:\Users\zurie\Documents\Ingenieria\Octavo Semestre\CGeIHC\ProyectoFinal\RICHIGG\Grupo720202\practicakeyframes v3.cpp(3005,10): warning C4244:  'argumento': conversión de 'double' a 'GLfloat'; posible pérdida de datos
C:\Users\zurie\Documents\Ingenieria\Octavo Semestre\CGeIHC\ProyectoFinal\RICHIGG\Grupo720202\practicakeyframes v3.cpp(3012,10): warning C4244:  'argumento': conversión de 'double' a 'GLfloat'; posible pérdida de datos
C:\Users\zurie\Documents\Ingenieria\Octavo Semestre\CGeIHC\ProyectoFinal\RICHIGG\Grupo720202\practicakeyframes v3.cpp(3018,48): warning C4244:  'argumento': conversión de 'double' a 'GLfloat'; posible pérdida de datos
C:\Users\zurie\Documents\Ingenieria\Octavo Semestre\CGeIHC\ProyectoFinal\RICHIGG\Grupo720202\practicakeyframes v3.cpp(3018,10): warning C4244:  'argumento': conversión de 'double' a 'GLfloat'; posible pérdida de datos
C:\Users\zurie\Documents\Ingenieria\Octavo Semestre\CGeIHC\ProyectoFinal\RICHIGG\Grupo720202\practicakeyframes v3.cpp(3025,49): warning C4244:  'argumento': conversión de 'double' a 'GLfloat'; posible pérdida de datos
C:\Users\zurie\Documents\Ingenieria\Octavo Semestre\CGeIHC\ProyectoFinal\RICHIGG\Grupo720202\practicakeyframes v3.cpp(3025,10): warning C4244:  'argumento': conversión de 'double' a 'GLfloat'; posible pérdida de datos
C:\Users\zurie\Documents\Ingenieria\Octavo Semestre\CGeIHC\ProyectoFinal\RICHIGG\Grupo720202\practicakeyframes v3.cpp(3031,8): warning C4244:  'argumento': conversión de 'double' a 'GLfloat'; posible pérdida de datos
C:\Users\zurie\Documents\Ingenieria\Octavo Semestre\CGeIHC\ProyectoFinal\RICHIGG\Grupo720202\practicakeyframes v3.cpp(3038,9): warning C4244:  'argumento': conversión de 'double' a 'GLfloat'; posible pérdida de datos
  Grupo720202.vcxproj -> C:\Users\zurie\Documents\Ingenieria\Octavo Semestre\CGeIHC\ProyectoFinal\RICHIGG\Debug\Grupo720202.exe
