c:\users\muser\documents\2020-2\gráfica\práctica 9\richigg\grupo720202\debug\vc142.pdb
c:\users\muser\documents\2020-2\gráfica\práctica 9\richigg\grupo720202\debug\vc142.idb
c:\users\muser\documents\2020-2\gráfica\práctica 9\richigg\grupo720202\debug\window.obj
c:\users\muser\documents\2020-2\gráfica\práctica 9\richigg\grupo720202\debug\pointlight.obj
c:\users\muser\documents\2020-2\gráfica\práctica 9\richigg\grupo720202\debug\directionallight.obj
c:\users\muser\documents\2020-2\gráfica\práctica 9\richigg\grupo720202\debug\texture.obj
c:\users\muser\documents\2020-2\gráfica\práctica 9\richigg\grupo720202\debug\spotlight.obj
c:\users\muser\documents\2020-2\gráfica\práctica 9\richigg\grupo720202\debug\sphere.obj
c:\users\muser\documents\2020-2\gráfica\práctica 9\richigg\grupo720202\debug\shader_light.obj
c:\users\muser\documents\2020-2\gráfica\práctica 9\richigg\grupo720202\debug\model.obj
c:\users\muser\documents\2020-2\gráfica\práctica 9\richigg\grupo720202\debug\mesh_tn.obj
c:\users\muser\documents\2020-2\gráfica\práctica 9\richigg\grupo720202\debug\material.obj
c:\users\muser\documents\2020-2\gráfica\práctica 9\richigg\grupo720202\debug\light.obj
c:\users\muser\documents\2020-2\gráfica\práctica 9\richigg\grupo720202\debug\cargamodelos.obj
c:\users\muser\documents\2020-2\gráfica\práctica 9\richigg\grupo720202\debug\camera.obj
c:\users\muser\documents\2020-2\gráfica\práctica 9\richigg\debug\grupo720202.pdb
c:\users\muser\documents\2020-2\gráfica\práctica 9\richigg\grupo720202\debug\grupo720202.tlog\cl.command.1.tlog
c:\users\muser\documents\2020-2\gráfica\práctica 9\richigg\grupo720202\debug\grupo720202.tlog\cl.read.1.tlog
c:\users\muser\documents\2020-2\gráfica\práctica 9\richigg\grupo720202\debug\grupo720202.tlog\cl.write.1.tlog
c:\users\muser\documents\2020-2\gráfica\práctica 9\richigg\grupo720202\debug\grupo720202.tlog\link-cvtres.read.1.tlog
c:\users\muser\documents\2020-2\gráfica\práctica 9\richigg\grupo720202\debug\grupo720202.tlog\link-cvtres.write.1.tlog
c:\users\muser\documents\2020-2\gráfica\práctica 9\richigg\grupo720202\debug\grupo720202.tlog\link-rc.read.1.tlog
c:\users\muser\documents\2020-2\gráfica\práctica 9\richigg\grupo720202\debug\grupo720202.tlog\link-rc.write.1.tlog
c:\users\muser\documents\2020-2\gráfica\práctica 9\richigg\grupo720202\debug\grupo720202.tlog\link.command.1.tlog
c:\users\muser\documents\2020-2\gráfica\práctica 9\richigg\grupo720202\debug\grupo720202.tlog\link.read.1.tlog
c:\users\muser\documents\2020-2\gráfica\práctica 9\richigg\grupo720202\debug\grupo720202.tlog\link.write.1.tlog
